2014-11-20 11:03:20,708 - [INFO] - from play in pool-6-thread-6 
Listening for HTTP on /0:0:0:0:0:0:0:0:9000

2014-11-20 11:03:27,111 - [INFO] - from play in play-internal-execution-context-1 
Application started (Dev)

2014-11-20 11:03:32,010 - [ERROR] - from application in play-akka.actor.default-dispatcher-3 


! @6k988fchd - Internal server error, for (GET) [/] ->

play.api.Application$$anon$1: Execution exception[[ClassNotFoundException: insrc.Clazz]]
	at play.api.Application$class.handleError(Application.scala:296) ~[play_2.11-2.3.6.jar:2.3.6]
	at play.api.DefaultApplication.handleError(Application.scala:402) [play_2.11-2.3.6.jar:2.3.6]
	at play.core.server.netty.PlayDefaultUpstreamHandler$$anonfun$14$$anonfun$apply$1.applyOrElse(PlayDefaultUpstreamHandler.scala:205) [play_2.11-2.3.6.jar:2.3.6]
	at play.core.server.netty.PlayDefaultUpstreamHandler$$anonfun$14$$anonfun$apply$1.applyOrElse(PlayDefaultUpstreamHandler.scala:202) [play_2.11-2.3.6.jar:2.3.6]
	at scala.runtime.AbstractPartialFunction.apply(AbstractPartialFunction.scala:36) [scala-library-2.11.4.jar:na]
	at scala.util.Failure$$anonfun$recover$1.apply(Try.scala:215) [scala-library-2.11.4.jar:na]
	at scala.util.Try$.apply(Try.scala:191) [scala-library-2.11.4.jar:na]
	at scala.util.Failure.recover(Try.scala:215) [scala-library-2.11.4.jar:na]
	at scala.concurrent.Future$$anonfun$recover$1.apply(Future.scala:324) [scala-library-2.11.4.jar:na]
	at scala.concurrent.Future$$anonfun$recover$1.apply(Future.scala:324) [scala-library-2.11.4.jar:na]
	at scala.concurrent.impl.CallbackRunnable.run(Promise.scala:32) [scala-library-2.11.4.jar:na]
	at play.api.libs.iteratee.Execution$trampoline$.execute(Execution.scala:46) [play-iteratees_2.11-2.3.6.jar:2.3.6]
	at scala.concurrent.impl.CallbackRunnable.executeWithValue(Promise.scala:40) [scala-library-2.11.4.jar:na]
	at scala.concurrent.impl.Promise$DefaultPromise.tryComplete(Promise.scala:248) [scala-library-2.11.4.jar:na]
	at scala.concurrent.Promise$class.complete(Promise.scala:55) [scala-library-2.11.4.jar:na]
	at scala.concurrent.impl.Promise$DefaultPromise.complete(Promise.scala:153) [scala-library-2.11.4.jar:na]
	at scala.concurrent.impl.Future$PromiseCompletingRunnable.run(Future.scala:23) [scala-library-2.11.4.jar:na]
	at akka.dispatch.TaskInvocation.run(AbstractDispatcher.scala:41) [akka-actor_2.11-2.3.4.jar:na]
	at akka.dispatch.ForkJoinExecutorConfigurator$AkkaForkJoinTask.exec(AbstractDispatcher.scala:393) [akka-actor_2.11-2.3.4.jar:na]
	at scala.concurrent.forkjoin.ForkJoinTask.doExec(ForkJoinTask.java:260) [scala-library-2.11.4.jar:na]
	at scala.concurrent.forkjoin.ForkJoinPool$WorkQueue.runTask(ForkJoinPool.java:1339) [scala-library-2.11.4.jar:na]
	at scala.concurrent.forkjoin.ForkJoinPool.runWorker(ForkJoinPool.java:1979) [scala-library-2.11.4.jar:na]
	at scala.concurrent.forkjoin.ForkJoinWorkerThread.run(ForkJoinWorkerThread.java:107) [scala-library-2.11.4.jar:na]
Caused by: java.lang.ClassNotFoundException: insrc.Clazz
	at java.net.URLClassLoader$1.run(URLClassLoader.java:372) ~[na:1.8.0_05]
	at java.net.URLClassLoader$1.run(URLClassLoader.java:361) ~[na:1.8.0_05]
	at java.security.AccessController.doPrivileged(Native Method) ~[na:1.8.0_05]
	at java.net.URLClassLoader.findClass(URLClassLoader.java:360) ~[na:1.8.0_05]
	at java.lang.ClassLoader.loadClass(ClassLoader.java:424) ~[na:1.8.0_05]
	at java.lang.ClassLoader.loadClass(ClassLoader.java:357) ~[na:1.8.0_05]
	at java.lang.Class.forName0(Native Method) ~[na:1.8.0_05]
	at java.lang.Class.forName(Class.java:340) ~[na:1.8.0_05]
	at scala.reflect.runtime.JavaMirrors$JavaMirror.javaClass(JavaMirrors.scala:552) ~[scala-reflect-2.11.4.jar:na]
	at scala.reflect.runtime.JavaMirrors$JavaMirror$$anonfun$classToJava$1.apply(JavaMirrors.scala:1205) ~[scala-reflect-2.11.4.jar:na]
	at scala.reflect.runtime.JavaMirrors$JavaMirror$$anonfun$classToJava$1.apply(JavaMirrors.scala:1197) ~[scala-reflect-2.11.4.jar:na]
	at scala.reflect.runtime.TwoWayCaches$TwoWayCache$$anonfun$toJava$1.apply(TwoWayCaches.scala:50) ~[scala-reflect-2.11.4.jar:na]
	at scala.reflect.runtime.Gil$class.gilSynchronized(Gil.scala:19) ~[scala-reflect-2.11.4.jar:na]
	at scala.reflect.runtime.JavaUniverse.gilSynchronized(JavaUniverse.scala:16) ~[scala-reflect-2.11.4.jar:na]
	at scala.reflect.runtime.TwoWayCaches$TwoWayCache.toJava(TwoWayCaches.scala:45) ~[scala-reflect-2.11.4.jar:na]
	at scala.reflect.runtime.JavaMirrors$JavaMirror.classToJava(JavaMirrors.scala:1197) ~[scala-reflect-2.11.4.jar:na]
	at scala.reflect.runtime.JavaMirrors$JavaMirror.runtimeClass(JavaMirrors.scala:194) ~[scala-reflect-2.11.4.jar:na]
	at scala.reflect.runtime.JavaMirrors$JavaMirror.runtimeClass(JavaMirrors.scala:54) ~[scala-reflect-2.11.4.jar:na]
	at inlib.Name$.apply(ClazzParam.scala:20) ~[clazzParamLib.jar:na]
	at cont.Main$.resolveC(Main.scala:31) ~[classes/:na]
	at cont.Main$$anonfun$index$1.apply(Main.scala:11) ~[classes/:na]
	at cont.Main$$anonfun$index$1.apply(Main.scala:11) ~[classes/:na]
	at play.api.mvc.ActionBuilder$$anonfun$apply$17.apply(Action.scala:464) ~[play_2.11-2.3.6.jar:2.3.6]
	at play.api.mvc.ActionBuilder$$anonfun$apply$17.apply(Action.scala:464) ~[play_2.11-2.3.6.jar:2.3.6]
	at play.api.mvc.ActionBuilder$$anonfun$apply$16.apply(Action.scala:433) ~[play_2.11-2.3.6.jar:2.3.6]
	at play.api.mvc.ActionBuilder$$anonfun$apply$16.apply(Action.scala:432) ~[play_2.11-2.3.6.jar:2.3.6]
	at play.api.mvc.Action$.invokeBlock(Action.scala:556) ~[play_2.11-2.3.6.jar:2.3.6]
	at play.api.mvc.Action$.invokeBlock(Action.scala:555) ~[play_2.11-2.3.6.jar:2.3.6]
	at play.api.mvc.ActionBuilder$$anon$1.apply(Action.scala:518) ~[play_2.11-2.3.6.jar:2.3.6]
	at play.api.mvc.Action$$anonfun$apply$1$$anonfun$apply$4$$anonfun$apply$5.apply(Action.scala:130) ~[play_2.11-2.3.6.jar:2.3.6]
	at play.api.mvc.Action$$anonfun$apply$1$$anonfun$apply$4$$anonfun$apply$5.apply(Action.scala:130) ~[play_2.11-2.3.6.jar:2.3.6]
	at play.utils.Threads$.withContextClassLoader(Threads.scala:21) ~[play_2.11-2.3.6.jar:2.3.6]
	at play.api.mvc.Action$$anonfun$apply$1$$anonfun$apply$4.apply(Action.scala:129) ~[play_2.11-2.3.6.jar:2.3.6]
	at play.api.mvc.Action$$anonfun$apply$1$$anonfun$apply$4.apply(Action.scala:128) ~[play_2.11-2.3.6.jar:2.3.6]
	at scala.Option.map(Option.scala:145) ~[scala-library-2.11.4.jar:na]
	at play.api.mvc.Action$$anonfun$apply$1.apply(Action.scala:128) ~[play_2.11-2.3.6.jar:2.3.6]
	at play.api.mvc.Action$$anonfun$apply$1.apply(Action.scala:121) ~[play_2.11-2.3.6.jar:2.3.6]
	at play.api.libs.iteratee.DoneIteratee$$anonfun$mapM$2.apply(Iteratee.scala:705) ~[play-iteratees_2.11-2.3.6.jar:2.3.6]
	at play.api.libs.iteratee.DoneIteratee$$anonfun$mapM$2.apply(Iteratee.scala:705) ~[play-iteratees_2.11-2.3.6.jar:2.3.6]
	at scala.concurrent.impl.Future$PromiseCompletingRunnable.liftedTree1$1(Future.scala:24) [scala-library-2.11.4.jar:na]
	at scala.concurrent.impl.Future$PromiseCompletingRunnable.run(Future.scala:24) [scala-library-2.11.4.jar:na]
	... 6 common frames omitted

